# JRE version: OpenJDK Runtime Environment (11.0.2+9) (build 11.0.2+9)
# Java VM: OpenJDK 64-Bit Server VM (11.0.2+9, mixed mode, tiered, compressed oops, g1 gc, windows-amd64)
Heap:
 garbage-first heap   total 1048576K, used 20484K [0x0000000401000000, 0x0000000800000000)
  region size 4096K, 5 young (20480K), 1 survivors (4096K)
 Metaspace       used 21126K, capacity 21494K, committed 21680K, reserved 1069056K
  class space    used 2090K, capacity 2212K, committed 2304K, reserved 1048576K
GC Heap History (6 events):
Event: 1.595 GC heap before
{Heap before GC invocations=0 (full 0):
 garbage-first heap   total 1048576K, used 49152K [0x0000000401000000, 0x0000000800000000)
  region size 4096K, 12 young (49152K), 0 survivors (0K)
 Metaspace       used 14666K, capacity 14846K, committed 15104K, reserved 1062912K
  class space    used 1356K, capacity 1413K, committed 1536K, reserved 1048576K
}
Event: 1.602 GC heap after
{Heap after GC invocations=1 (full 0):
 garbage-first heap   total 1048576K, used 7437K [0x0000000401000000, 0x0000000800000000)
  region size 4096K, 2 young (8192K), 2 survivors (8192K)
 Metaspace       used 14666K, capacity 14846K, committed 15104K, reserved 1062912K
  class space    used 1356K, capacity 1413K, committed 1536K, reserved 1048576K
}
Event: 2.235 GC heap before
{Heap before GC invocations=1 (full 0):
 garbage-first heap   total 1048576K, used 48397K [0x0000000401000000, 0x0000000800000000)
  region size 4096K, 12 young (49152K), 2 survivors (8192K)
 Metaspace       used 19075K, capacity 19350K, committed 19584K, reserved 1067008K
  class space    used 1817K, capacity 1899K, committed 1920K, reserved 1048576K
}
Event: 2.240 GC heap after
{Heap after GC invocations=2 (full 0):
 garbage-first heap   total 1048576K, used 8072K [0x0000000401000000, 0x0000000800000000)
  region size 4096K, 1 young (4096K), 1 survivors (4096K)
 Metaspace       used 19075K, capacity 19350K, committed 19584K, reserved 1067008K
  class space    used 1817K, capacity 1899K, committed 1920K, reserved 1048576K
}
Event: 2.591 GC heap before
{Heap before GC invocations=2 (full 0):
 garbage-first heap   total 1048576K, used 24456K [0x0000000401000000, 0x0000000800000000)
  region size 4096K, 6 young (24576K), 1 survivors (4096K)
 Metaspace       used 20940K, capacity 21191K, committed 21296K, reserved 1069056K
  class space    used 2054K, capacity 2132K, committed 2176K, reserved 1048576K
}
Event: 2.595 GC heap after
{Heap after GC invocations=3 (full 0):
 garbage-first heap   total 1048576K, used 8196K [0x0000000401000000, 0x0000000800000000)
  region size 4096K, 1 young (4096K), 1 survivors (4096K)
 Metaspace       used 20940K, capacity 21191K, committed 21296K, reserved 1069056K
  class space    used 2054K, capacity 2132K, committed 2176K, reserved 1048576K
}

