# JRE version: OpenJDK Runtime Environment (11.0.2+9) (build 11.0.2+9)
# Java VM: OpenJDK 64-Bit Server VM (11.0.2+9, mixed mode, tiered, compressed oops, g1 gc, windows-amd64)
Heap:
 garbage-first heap   total 98304K, used 55206K [0x0000000401000000, 0x0000000800000000)
  region size 4096K, 7 young (28672K), 1 survivors (4096K)
 Metaspace       used 72132K, capacity 74404K, committed 75056K, reserved 1116160K
  class space    used 7740K, capacity 8612K, committed 8832K, reserved 1048576K
GC Heap History (10 events):
Event: 101051.665 GC heap before
{Heap before GC invocations=481 (full 5):
 garbage-first heap   total 98304K, used 75655K [0x0000000401000000, 0x0000000800000000)
  region size 4096K, 11 young (45056K), 1 survivors (4096K)
 Metaspace       used 72124K, capacity 74404K, committed 75056K, reserved 1116160K
  class space    used 7740K, capacity 8612K, committed 8832K, reserved 1048576K
}
Event: 101051.665 GC heap after
{Heap after GC invocations=482 (full 5):
 garbage-first heap   total 98304K, used 34700K [0x0000000401000000, 0x0000000800000000)
  region size 4096K, 1 young (4096K), 1 survivors (4096K)
 Metaspace       used 72124K, capacity 74404K, committed 75056K, reserved 1116160K
  class space    used 7740K, capacity 8612K, committed 8832K, reserved 1048576K
}
Event: 101317.751 GC heap before
{Heap before GC invocations=482 (full 5):
 garbage-first heap   total 98304K, used 75660K [0x0000000401000000, 0x0000000800000000)
  region size 4096K, 11 young (45056K), 1 survivors (4096K)
 Metaspace       used 72125K, capacity 74404K, committed 75056K, reserved 1116160K
  class space    used 7740K, capacity 8612K, committed 8832K, reserved 1048576K
}
Event: 101317.752 GC heap after
{Heap after GC invocations=483 (full 5):
 garbage-first heap   total 98304K, used 34701K [0x0000000401000000, 0x0000000800000000)
  region size 4096K, 1 young (4096K), 1 survivors (4096K)
 Metaspace       used 72125K, capacity 74404K, committed 75056K, reserved 1116160K
  class space    used 7740K, capacity 8612K, committed 8832K, reserved 1048576K
}
Event: 101583.645 GC heap before
{Heap before GC invocations=483 (full 5):
 garbage-first heap   total 98304K, used 75661K [0x0000000401000000, 0x0000000800000000)
  region size 4096K, 11 young (45056K), 1 survivors (4096K)
 Metaspace       used 72125K, capacity 74404K, committed 75056K, reserved 1116160K
  class space    used 7740K, capacity 8612K, committed 8832K, reserved 1048576K
}
Event: 101583.645 GC heap after
{Heap after GC invocations=484 (full 5):
 garbage-first heap   total 98304K, used 34700K [0x0000000401000000, 0x0000000800000000)
  region size 4096K, 1 young (4096K), 1 survivors (4096K)
 Metaspace       used 72125K, capacity 74404K, committed 75056K, reserved 1116160K
  class space    used 7740K, capacity 8612K, committed 8832K, reserved 1048576K
}
Event: 101849.679 GC heap before
{Heap before GC invocations=484 (full 5):
 garbage-first heap   total 98304K, used 75660K [0x0000000401000000, 0x0000000800000000)
  region size 4096K, 11 young (45056K), 1 survivors (4096K)
 Metaspace       used 72125K, capacity 74404K, committed 75056K, reserved 1116160K
  class space    used 7740K, capacity 8612K, committed 8832K, reserved 1048576K
}
Event: 101849.679 GC heap after
{Heap after GC invocations=485 (full 5):
 garbage-first heap   total 98304K, used 34727K [0x0000000401000000, 0x0000000800000000)
  region size 4096K, 1 young (4096K), 1 survivors (4096K)
 Metaspace       used 72125K, capacity 74404K, committed 75056K, reserved 1116160K
  class space    used 7740K, capacity 8612K, committed 8832K, reserved 1048576K
}
Event: 102116.581 GC heap before
{Heap before GC invocations=485 (full 5):
 garbage-first heap   total 98304K, used 75687K [0x0000000401000000, 0x0000000800000000)
  region size 4096K, 11 young (45056K), 1 survivors (4096K)
 Metaspace       used 72125K, capacity 74404K, committed 75056K, reserved 1116160K
  class space    used 7740K, capacity 8612K, committed 8832K, reserved 1048576K
}
Event: 102116.582 GC heap after
{Heap after GC invocations=486 (full 5):
 garbage-first heap   total 98304K, used 34726K [0x0000000401000000, 0x0000000800000000)
  region size 4096K, 1 young (4096K), 1 survivors (4096K)
 Metaspace       used 72125K, capacity 74404K, committed 75056K, reserved 1116160K
  class space    used 7740K, capacity 8612K, committed 8832K, reserved 1048576K
}

